{
  "RSpec": {
    "coverage": {
      "/home/thoaivo/Project/funny_movies/spec/factories/comment_factory.rb": {
        "lines": [
          null,
          null,
          null,
          null,
          null,
          null,
          null,
          null,
          null,
          null,
          null,
          null,
          null,
          null,
          null,
          null,
          null,
          null,
          1,
          1,
          null,
          null
        ]
      },
      "/home/thoaivo/Project/funny_movies/spec/factories/user_factory.rb": {
        "lines": [
          null,
          null,
          null,
          null,
          null,
          null,
          null,
          null,
          null,
          null,
          null,
          null,
          null,
          null,
          null,
          null,
          null,
          null,
          1,
          1,
          42,
          null,
          null,
          1,
          43,
          43,
          null,
          null
        ]
      },
      "/home/thoaivo/Project/funny_movies/spec/factories/user_subscribe_factory.rb": {
        "lines": [
          null,
          null,
          null,
          null,
          null,
          null,
          null,
          null,
          null,
          null,
          null,
          null,
          null,
          null,
          null,
          1,
          1,
          null,
          null
        ]
      },
      "/home/thoaivo/Project/funny_movies/spec/factories/user_video_factory.rb": {
        "lines": [
          null,
          null,
          null,
          null,
          null,
          null,
          null,
          null,
          null,
          null,
          null,
          null,
          null,
          null,
          null,
          null,
          null,
          1,
          1,
          null,
          null
        ]
      },
      "/home/thoaivo/Project/funny_movies/spec/factories/user_vote_video_factory.rb": {
        "lines": [
          null,
          null,
          null,
          null,
          null,
          null,
          null,
          null,
          null,
          null,
          null,
          null,
          null,
          null,
          null,
          null,
          null,
          1,
          1,
          null,
          null
        ]
      },
      "/home/thoaivo/Project/funny_movies/spec/factories/video_factory.rb": {
        "lines": [
          null,
          null,
          null,
          null,
          null,
          null,
          null,
          null,
          null,
          null,
          null,
          null,
          null,
          null,
          null,
          null,
          null,
          null,
          null,
          null,
          null,
          null,
          null,
          null,
          1,
          1,
          45,
          45,
          40,
          42,
          45,
          null,
          null
        ]
      },
      "/home/thoaivo/Project/funny_movies/app/models/comment.rb": {
        "lines": [
          null,
          null,
          null,
          null,
          null,
          null,
          null,
          null,
          null,
          null,
          null,
          null,
          null,
          null,
          null,
          null,
          null,
          null,
          null,
          null,
          1,
          1,
          1,
          1,
          null
        ]
      },
      "/home/thoaivo/Project/funny_movies/spec/models/user_spec.rb": {
        "lines": [
          null,
          null,
          null,
          null,
          null,
          null,
          null,
          null,
          null,
          null,
          null,
          null,
          null,
          null,
          null,
          null,
          null,
          null,
          null,
          1,
          null,
          1,
          1,
          2,
          2,
          2,
          2,
          2,
          null,
          null
        ]
      },
      "/home/thoaivo/Project/funny_movies/spec/models/user_subscribe_spec.rb": {
        "lines": [
          null,
          null,
          null,
          null,
          null,
          null,
          null,
          null,
          null,
          null,
          null,
          null,
          null,
          null,
          null,
          null,
          null,
          1,
          null,
          1,
          1,
          2,
          2,
          null,
          null
        ]
      },
      "/home/thoaivo/Project/funny_movies/app/models/user_subscribe.rb": {
        "lines": [
          null,
          null,
          null,
          null,
          null,
          null,
          null,
          null,
          null,
          null,
          null,
          null,
          null,
          null,
          null,
          null,
          null,
          1,
          1,
          1,
          null
        ]
      },
      "/home/thoaivo/Project/funny_movies/spec/models/user_video_spec.rb": {
        "lines": [
          null,
          null,
          null,
          null,
          null,
          null,
          null,
          null,
          null,
          null,
          null,
          null,
          null,
          null,
          null,
          null,
          null,
          null,
          null,
          1,
          null,
          1,
          1,
          2,
          2,
          null,
          null
        ]
      },
      "/home/thoaivo/Project/funny_movies/app/models/user_video.rb": {
        "lines": [
          null,
          null,
          null,
          null,
          null,
          null,
          null,
          null,
          null,
          null,
          null,
          null,
          null,
          null,
          null,
          null,
          null,
          null,
          null,
          1,
          1,
          1,
          null
        ]
      },
      "/home/thoaivo/Project/funny_movies/spec/models/user_vote_video_spec.rb": {
        "lines": [
          null,
          null,
          null,
          null,
          null,
          null,
          null,
          null,
          null,
          null,
          null,
          null,
          null,
          null,
          null,
          null,
          null,
          null,
          null,
          1,
          null,
          1,
          1,
          2,
          2,
          null,
          null,
          1,
          1,
          1,
          null,
          null,
          null,
          null,
          null,
          null,
          null,
          null,
          null
        ]
      },
      "/home/thoaivo/Project/funny_movies/app/models/user_vote_video.rb": {
        "lines": [
          null,
          null,
          null,
          null,
          null,
          null,
          null,
          null,
          null,
          null,
          null,
          null,
          null,
          null,
          null,
          null,
          null,
          null,
          null,
          1,
          1,
          1,
          null,
          1,
          null
        ]
      },
      "/home/thoaivo/Project/funny_movies/spec/models/video_spec.rb": {
        "lines": [
          null,
          null,
          null,
          null,
          null,
          null,
          null,
          null,
          null,
          null,
          null,
          null,
          null,
          null,
          null,
          null,
          null,
          null,
          null,
          null,
          null,
          null,
          null,
          null,
          null,
          null,
          1,
          null,
          1,
          1,
          2,
          2,
          2,
          null,
          null,
          1,
          1,
          1,
          null,
          null,
          null,
          null,
          null,
          null,
          null,
          null,
          1,
          1,
          null,
          null,
          null,
          null,
          null,
          null,
          null,
          null,
          null,
          1,
          2,
          null,
          1,
          1,
          1,
          null,
          null,
          null,
          1,
          2,
          null,
          1,
          1,
          null,
          null,
          null,
          1,
          2,
          null,
          1,
          1,
          null,
          null,
          null,
          null,
          1,
          3,
          2,
          null,
          1,
          1,
          null,
          null,
          1,
          2,
          null,
          1,
          1,
          null,
          null,
          null,
          null,
          1,
          2,
          2,
          2,
          null,
          1,
          1,
          null,
          null,
          null
        ]
      },
      "/home/thoaivo/Project/funny_movies/app/models/video.rb": {
        "lines": [
          null,
          null,
          null,
          null,
          null,
          null,
          null,
          null,
          null,
          null,
          null,
          null,
          null,
          null,
          null,
          null,
          null,
          null,
          null,
          null,
          null,
          null,
          null,
          null,
          null,
          null,
          1,
          1,
          1,
          1,
          null,
          1,
          1,
          null,
          1,
          1,
          null,
          8,
          null,
          1,
          null,
          null,
          null,
          null,
          1,
          11,
          5,
          null,
          null,
          null,
          null,
          1,
          70,
          70,
          null,
          5,
          null,
          null,
          1,
          1,
          null,
          null
        ]
      },
      "/home/thoaivo/Project/funny_movies/spec/requests/users_spec.rb": {
        "lines": [
          1,
          null,
          1,
          1,
          null,
          1,
          1,
          2,
          null,
          1,
          1,
          1,
          null,
          1,
          null,
          null,
          null,
          1,
          4,
          1,
          null,
          2,
          null,
          null,
          null,
          null,
          null,
          1,
          3,
          null,
          null,
          1,
          1,
          null,
          0,
          null,
          null,
          1,
          1,
          null,
          0,
          null,
          null,
          1,
          1,
          null,
          1,
          null,
          null,
          null,
          null,
          null,
          1,
          1,
          null,
          1,
          null,
          null,
          null,
          null
        ]
      },
      "/home/thoaivo/Project/funny_movies/app/controllers/users_controller.rb": {
        "lines": [
          null,
          null,
          1,
          1,
          null,
          1,
          null,
          1,
          3,
          1,
          0,
          0,
          null,
          1,
          1,
          null,
          null,
          null,
          1,
          null,
          1,
          4,
          null,
          null
        ]
      },
      "/home/thoaivo/Project/funny_movies/app/controllers/application_controller.rb": {
        "lines": [
          1,
          1,
          null,
          1,
          null
        ]
      },
      "/home/thoaivo/Project/funny_movies/spec/requests/videos_spec.rb": {
        "lines": [
          1,
          null,
          1,
          1,
          null,
          1,
          1,
          3,
          null,
          1,
          1,
          null,
          1,
          null,
          null,
          1,
          1,
          1,
          1,
          null,
          1,
          null,
          null,
          null,
          null,
          1,
          2,
          2,
          null,
          1,
          1,
          null,
          1,
          null,
          null,
          1,
          1,
          1,
          null,
          1,
          null,
          null,
          null,
          null,
          1,
          5,
          5,
          null,
          1,
          1,
          1,
          null,
          1,
          1,
          null,
          null,
          null,
          1,
          1,
          3,
          null,
          null,
          1,
          1,
          null,
          1,
          1,
          null,
          null,
          1,
          1,
          null,
          1,
          1,
          1,
          null,
          null,
          1,
          1,
          1,
          null,
          1,
          1,
          1,
          null,
          null,
          null,
          null,
          null
        ]
      },
      "/home/thoaivo/Project/funny_movies/app/controllers/videos_controller.rb": {
        "lines": [
          null,
          null,
          1,
          1,
          null,
          1,
          2,
          null,
          2,
          0,
          0,
          null,
          null,
          2,
          2,
          null,
          null,
          1,
          2,
          null,
          null,
          1,
          4,
          null,
          4,
          1,
          2,
          null,
          1,
          null,
          null,
          3,
          6,
          null,
          null,
          null,
          1,
          null,
          1,
          8,
          null,
          null
        ]
      },
      "/home/thoaivo/Project/funny_movies/spec/services/users/video/share_spec.rb": {
        "lines": [
          null,
          null,
          1,
          null,
          1,
          null,
          6,
          4,
          null,
          6,
          null,
          1,
          1,
          0,
          null,
          0,
          0,
          0,
          null,
          null,
          1,
          3,
          null,
          null,
          1,
          1,
          null,
          1,
          null,
          null,
          1,
          3,
          null,
          1,
          1,
          null,
          1,
          1,
          1,
          null,
          null,
          1,
          1,
          null,
          1,
          null,
          null,
          null
        ]
      },
      "/home/thoaivo/Project/funny_movies/app/services/users/video/share.rb": {
        "lines": [
          null,
          null,
          null,
          1,
          1,
          1,
          1,
          null,
          1,
          8,
          8,
          null,
          null,
          1,
          8,
          null,
          null,
          1,
          null,
          1,
          null,
          1,
          8,
          null,
          null,
          null,
          null,
          null,
          null,
          null,
          8,
          3,
          3,
          null,
          null,
          5,
          5,
          1,
          null,
          null,
          1,
          5,
          null,
          null,
          null,
          null
        ]
      },
      "/home/thoaivo/Project/funny_movies/spec/services/users/video/vote_spec.rb": {
        "lines": [
          null,
          null,
          1,
          null,
          1,
          8,
          8,
          8,
          null,
          8,
          null,
          1,
          7,
          null,
          null,
          1,
          1,
          1,
          null,
          1,
          1,
          1,
          null,
          null,
          1,
          4,
          null,
          null,
          1,
          1,
          null,
          1,
          null,
          null,
          1,
          2,
          null,
          1,
          1,
          null,
          1,
          1,
          1,
          null,
          null,
          null,
          1,
          4,
          null,
          1,
          1,
          null,
          1,
          1,
          null,
          null,
          1,
          1,
          null,
          1,
          1,
          1,
          null,
          null,
          1,
          4,
          null,
          null,
          null,
          null
        ]
      },
      "/home/thoaivo/Project/funny_movies/app/services/users/video/vote.rb": {
        "lines": [
          null,
          null,
          null,
          1,
          1,
          1,
          1,
          1,
          null,
          1,
          null,
          1,
          11,
          11,
          11,
          null,
          null,
          1,
          11,
          null,
          10,
          null,
          null,
          1,
          null,
          1,
          null,
          1,
          10,
          10,
          7,
          null,
          null,
          10,
          null,
          null,
          1,
          10,
          null,
          null,
          null,
          null,
          10,
          3,
          3,
          null,
          null,
          7,
          7,
          7,
          null,
          null,
          1,
          7,
          7,
          null,
          null,
          null,
          1,
          7,
          null,
          7,
          1,
          null,
          6,
          null,
          null,
          null,
          1,
          6,
          null,
          null,
          1,
          null,
          1,
          null,
          null,
          null,
          1,
          3,
          1,
          null,
          null,
          1,
          7,
          null,
          null,
          1,
          10,
          null,
          null,
          null,
          null
        ]
      },
      "/home/thoaivo/Project/funny_movies/spec/services/videos/get_all_spec.rb": {
        "lines": [
          null,
          null,
          1,
          null,
          1,
          1,
          null,
          5,
          2,
          null,
          5,
          null,
          1,
          1,
          1,
          null,
          1,
          null,
          null,
          null,
          1,
          1,
          1,
          null,
          null,
          null,
          null,
          1,
          1,
          null,
          1,
          null,
          null,
          null,
          1,
          1,
          1,
          null,
          null,
          null,
          null,
          1,
          1,
          null,
          1,
          null,
          null,
          null,
          1,
          1,
          1,
          null,
          null,
          null,
          2,
          2,
          2,
          null,
          1,
          1,
          null,
          1,
          null,
          null,
          null
        ]
      },
      "/home/thoaivo/Project/funny_movies/app/services/videos/get_all.rb": {
        "lines": [
          null,
          null,
          null,
          1,
          1,
          1,
          null,
          1,
          6,
          6,
          null,
          null,
          1,
          6,
          null,
          null,
          1,
          null,
          1,
          null,
          null,
          1,
          6,
          5,
          4,
          null,
          3,
          null,
          null,
          1,
          1,
          null,
          null,
          1,
          1,
          null,
          null,
          1,
          4,
          null,
          null,
          null,
          1,
          0,
          null,
          null,
          null
        ]
      },
      "/home/thoaivo/Project/funny_movies/spec/services/videos/get_spec.rb": {
        "lines": [
          null,
          null,
          1,
          null,
          1,
          1,
          null,
          2,
          2,
          2,
          2,
          2,
          2,
          2,
          2,
          null,
          2,
          null,
          1,
          1,
          null,
          1,
          1,
          null,
          null
        ]
      },
      "/home/thoaivo/Project/funny_movies/app/services/videos/get.rb": {
        "lines": [
          null,
          null,
          null,
          1,
          1,
          1,
          null,
          1,
          1,
          null,
          null,
          1,
          1,
          null,
          null,
          1,
          null,
          1,
          null,
          1,
          1,
          null,
          null,
          null
        ]
      },
      "/home/thoaivo/Project/funny_movies/spec/services/videos/process/tiktok_process_spec.rb": {
        "lines": [
          null,
          null,
          1,
          null,
          1,
          1,
          3,
          3,
          null,
          3,
          null,
          1,
          1,
          1,
          null,
          null,
          1,
          1,
          null,
          1,
          1,
          1,
          1,
          null,
          null,
          null,
          1,
          1,
          1,
          null,
          null,
          1,
          1,
          null,
          1,
          1,
          null,
          null,
          null,
          null
        ]
      },
      "/home/thoaivo/Project/funny_movies/app/services/videos/process/tiktok_process.rb": {
        "lines": [
          null,
          null,
          null,
          1,
          1,
          1,
          1,
          1,
          null,
          1,
          2,
          null,
          2,
          2,
          null,
          null,
          1,
          null,
          1,
          null,
          1,
          2,
          2,
          2,
          null,
          null,
          1,
          0,
          0,
          0,
          null,
          null,
          null,
          1,
          2,
          null,
          null,
          null,
          null
        ]
      },
      "/home/thoaivo/Project/funny_movies/app/services/videos/process/base.rb": {
        "lines": [
          null,
          null,
          null,
          1,
          1,
          1,
          1,
          1,
          null,
          1,
          null,
          1,
          5,
          null,
          null,
          1,
          3,
          null,
          3,
          3,
          null,
          null,
          1,
          null,
          1,
          null,
          1,
          3,
          3,
          null,
          3,
          2,
          null,
          1,
          1,
          null,
          null,
          3,
          3,
          null,
          null,
          1,
          3,
          null,
          null,
          1,
          0,
          null,
          null,
          1,
          0,
          null,
          null,
          null,
          null
        ]
      },
      "/home/thoaivo/Project/funny_movies/lib/http_helper.rb": {
        "lines": [
          null,
          null,
          1,
          1,
          1,
          null,
          1,
          0,
          0,
          0,
          0,
          0,
          null,
          0,
          0,
          null,
          null,
          0,
          null,
          null,
          1,
          null,
          1,
          0,
          null,
          null,
          1,
          0,
          0,
          0,
          0,
          0,
          null,
          null,
          1,
          0,
          0,
          null,
          0,
          null,
          0,
          0,
          null,
          0,
          null,
          0,
          null,
          0,
          null,
          0,
          null,
          null
        ]
      },
      "/home/thoaivo/Project/funny_movies/spec/services/videos/process/video_process_factory_spec.rb": {
        "lines": [
          null,
          null,
          1,
          null,
          1,
          1,
          3,
          2,
          null,
          3,
          null,
          1,
          1,
          1,
          null,
          null,
          null,
          1,
          2,
          null,
          1,
          1,
          null,
          null,
          null,
          null
        ]
      },
      "/home/thoaivo/Project/funny_movies/app/services/videos/process/video_process_factory.rb": {
        "lines": [
          null,
          null,
          null,
          1,
          1,
          1,
          1,
          1,
          1,
          null,
          null,
          1,
          null,
          null,
          null,
          null,
          1,
          1,
          2,
          null,
          null,
          null,
          null,
          null
        ]
      },
      "/home/thoaivo/Project/funny_movies/app/services/videos/process/youtube_process.rb": {
        "lines": [
          null,
          null,
          null,
          1,
          1,
          1,
          1,
          null,
          1,
          null,
          1,
          null,
          1,
          1,
          null,
          1,
          1,
          1,
          1,
          null,
          null,
          1,
          1,
          null,
          null,
          null,
          null
        ]
      },
      "/home/thoaivo/Project/funny_movies/spec/services/videos/process/youtube_process_spec.rb": {
        "lines": [
          null,
          null,
          1,
          null,
          1,
          1,
          2,
          2,
          null,
          2,
          null,
          1,
          1,
          null,
          1,
          1,
          1,
          1,
          null,
          null,
          null
        ]
      },
      "/home/thoaivo/Project/funny_movies/spec/services/videos/repository/newest_video_spec.rb": {
        "lines": [
          null,
          null,
          1,
          null,
          1,
          1,
          4,
          4,
          4,
          4,
          null,
          4,
          null,
          1,
          1,
          2,
          null,
          null,
          1,
          1,
          null,
          null,
          1,
          1,
          null,
          1,
          null,
          null,
          null,
          1,
          1,
          1,
          null,
          null,
          1,
          1,
          null,
          null,
          null,
          null,
          1,
          2,
          2,
          null,
          2,
          null,
          1,
          1,
          null,
          null,
          1,
          1,
          null,
          1,
          null,
          null,
          null
        ]
      },
      "/home/thoaivo/Project/funny_movies/app/services/videos/repository/newest_video.rb": {
        "lines": [
          null,
          null,
          null,
          1,
          1,
          1,
          1,
          null,
          1,
          null,
          1,
          3,
          null,
          null,
          1,
          4,
          4,
          4,
          null,
          4,
          null,
          null,
          1,
          null,
          1,
          3,
          3,
          null,
          2,
          null,
          null,
          1,
          2,
          2,
          null,
          2,
          null,
          null,
          null,
          null
        ]
      },
      "/home/thoaivo/Project/funny_movies/spec/services/videos/repository/trending_video_spec.rb": {
        "lines": [
          null,
          null,
          1,
          null,
          1,
          1,
          4,
          4,
          4,
          4,
          null,
          4,
          null,
          1,
          1,
          2,
          null,
          null,
          1,
          1,
          null,
          null,
          1,
          1,
          1,
          null,
          1,
          null,
          null,
          null,
          1,
          1,
          1,
          null,
          null,
          1,
          1,
          null,
          null,
          null,
          null,
          1,
          2,
          2,
          null,
          2,
          null,
          1,
          1,
          1,
          null,
          null,
          1,
          1,
          1,
          1,
          null,
          1,
          null,
          null,
          null,
          null
        ]
      },
      "/home/thoaivo/Project/funny_movies/app/services/videos/repository/trending_video.rb": {
        "lines": [
          null,
          null,
          null,
          1,
          1,
          1,
          1,
          null,
          1,
          null,
          1,
          5,
          null,
          null,
          1,
          4,
          4,
          null,
          4,
          4,
          null,
          4,
          4,
          null,
          4,
          4,
          null,
          null,
          1,
          null,
          1,
          5,
          5,
          null,
          4,
          null,
          null,
          1,
          4,
          4,
          4,
          null,
          4,
          null,
          null,
          null,
          null
        ]
      },
      "/home/thoaivo/Project/funny_movies/app/workers/videos/video_processor_worker.rb": {
        "lines": [
          null,
          null,
          null,
          1,
          1,
          1,
          1,
          null,
          null,
          1,
          0,
          0,
          null,
          0,
          null,
          null,
          1,
          null,
          1,
          0,
          0,
          null,
          null,
          null
        ]
      },
      "/home/thoaivo/Project/funny_movies/lib/video_cache.rb": {
        "lines": [
          null,
          1,
          1,
          11,
          11,
          null,
          null,
          1,
          16,
          16,
          null,
          0,
          null,
          null,
          1,
          0,
          null,
          null,
          1,
          22,
          null,
          null,
          1,
          null,
          11,
          null,
          11,
          null,
          null,
          null,
          1,
          0,
          null,
          0,
          null,
          null,
          1,
          11,
          11,
          11,
          null,
          null,
          1,
          16,
          6,
          null,
          null
        ]
      }
    },
    "timestamp": 1647840164
  }
}
